2022-11-17 11:27:01.842 [main] INFO  c.m.b.e.c.l.MinaExampleCommonLogApplication - [TID: N/A] - Starting MinaExampleCommonLogApplication using Java 11.0.17 on haotengdeMacBook-Pro.local with PID 90976 (/Users/haoteng/work/code/mina-boot/mina-boot-example/mina-boot-example-common-log/target/classes started by haoteng in /Users/haoteng/work/code/mina-boot)
2022-11-17 11:27:01.860 [main] INFO  c.m.b.e.c.l.MinaExampleCommonLogApplication - [TID: N/A] - No active profile set, falling back to 1 default profile: "default"
2022-11-17 11:27:06.440 [main] INFO  io.undertow.servlet - [TID: N/A] - Initializing Spring embedded WebApplicationContext
2022-11-17 11:27:06.440 [main] INFO  o.s.b.w.s.c.ServletWebServerApplicationContext - [TID: N/A] - Root WebApplicationContext: initialization completed in 4302 ms
2022-11-17 11:27:06.984 [main] INFO  io.undertow - [TID: N/A] - starting server: Undertow - 2.2.18.Final
2022-11-17 11:27:06.992 [main] INFO  org.xnio - [TID: N/A] - XNIO version 3.8.7.Final
2022-11-17 11:27:07.001 [main] INFO  org.xnio.nio - [TID: N/A] - XNIO NIO Implementation Version 3.8.7.Final
2022-11-17 11:27:07.076 [main] INFO  org.jboss.threads - [TID: N/A] - JBoss Threads version 3.1.0.Final
2022-11-17 11:27:07.252 [main] INFO  o.s.b.w.e.undertow.UndertowWebServer - [TID: N/A] - Undertow started on port(s) 8081 (http)
2022-11-17 11:27:07.270 [main] INFO  c.m.b.e.c.l.MinaExampleCommonLogApplication - [TID: N/A] - Started MinaExampleCommonLogApplication in 8.094 seconds (JVM running for 9.429)
2022-11-17 11:27:07.273 [main] INFO  c.m.boot.context.MinaBootApplication - [TID: N/A] - Mina project start succeeded !!!
2022-11-17 11:27:07.273 [main] INFO  c.m.b.e.c.l.MinaExampleCommonLogApplication - [TID: N/A] - This is a info message2.
2022-11-17 11:27:07.273 [main] ERROR c.m.b.e.c.l.MinaExampleCommonLogApplication - [TID: N/A] - This is a info message3.
2022-11-17 11:33:38.955 [SpringApplicationShutdownHook] INFO  io.undertow - [TID: N/A] - stopping server: Undertow - 2.2.18.Final
2022-11-17 11:33:46.098 [main] INFO  c.m.b.e.c.l.MinaExampleCommonLogApplication - [TID: N/A] - Starting MinaExampleCommonLogApplication using Java 11.0.17 on haotengdeMacBook-Pro.local with PID 92092 (/Users/haoteng/work/code/mina-boot/mina-boot-example/mina-boot-example-common-log/target/classes started by haoteng in /Users/haoteng/work/code/mina-boot)
2022-11-17 11:33:46.102 [main] INFO  c.m.b.e.c.l.MinaExampleCommonLogApplication - [TID: N/A] - No active profile set, falling back to 1 default profile: "default"
2022-11-17 11:33:48.055 [main] INFO  io.undertow.servlet - [TID: N/A] - Initializing Spring embedded WebApplicationContext
2022-11-17 11:33:48.055 [main] INFO  o.s.b.w.s.c.ServletWebServerApplicationContext - [TID: N/A] - Root WebApplicationContext: initialization completed in 1863 ms
2022-11-17 11:33:48.534 [main] INFO  io.undertow - [TID: N/A] - starting server: Undertow - 2.2.18.Final
2022-11-17 11:33:48.545 [main] INFO  org.xnio - [TID: N/A] - XNIO version 3.8.7.Final
2022-11-17 11:33:48.555 [main] INFO  org.xnio.nio - [TID: N/A] - XNIO NIO Implementation Version 3.8.7.Final
2022-11-17 11:33:48.603 [main] INFO  org.jboss.threads - [TID: N/A] - JBoss Threads version 3.1.0.Final
2022-11-17 11:33:48.707 [main] INFO  o.s.b.w.e.undertow.UndertowWebServer - [TID: N/A] - Undertow started on port(s) 8081 (http)
2022-11-17 11:33:48.719 [main] INFO  c.m.b.e.c.l.MinaExampleCommonLogApplication - [TID: N/A] - Started MinaExampleCommonLogApplication in 4.156 seconds (JVM running for 6.113)
2022-11-17 11:33:48.721 [main] INFO  c.m.boot.context.MinaBootApplication - [TID: N/A] - Mina project start succeeded !!!
2022-11-17 11:33:48.721 [main] INFO  c.m.b.e.c.l.MinaExampleCommonLogApplication - [TID: N/A] - This is a info message2.
2022-11-17 11:33:48.721 [main] ERROR c.m.b.e.c.l.MinaExampleCommonLogApplication - [TID: N/A] - This is a info message3.
2022-11-17 11:39:37.379 [SpringApplicationShutdownHook] INFO  io.undertow - [TID: N/A] - stopping server: Undertow - 2.2.18.Final
2022-11-17 11:45:16.489 [main] INFO  c.m.b.e.c.l.MinaExampleCommonLogApplication - [TID:N/A] - Starting MinaExampleCommonLogApplication using Java 11.0.17 on haotengdeMacBook-Pro.local with PID 93706 (/Users/haoteng/work/code/mina-boot/mina-boot-example/mina-boot-example-common-log/target/classes started by haoteng in /Users/haoteng/work/code/mina-boot)
2022-11-17 11:45:16.493 [main] INFO  c.m.b.e.c.l.MinaExampleCommonLogApplication - [TID:N/A] - No active profile set, falling back to 1 default profile: "default"
2022-11-17 11:45:19.034 [main] INFO  io.undertow.servlet - [TID:N/A] - Initializing Spring embedded WebApplicationContext
2022-11-17 11:45:19.034 [main] INFO  o.s.b.w.s.c.ServletWebServerApplicationContext - [TID:N/A] - Root WebApplicationContext: initialization completed in 2399 ms
2022-11-17 11:45:20.029 [main] INFO  io.undertow - [TID:N/A] - starting server: Undertow - 2.2.18.Final
2022-11-17 11:45:20.041 [main] INFO  org.xnio - [TID:N/A] - XNIO version 3.8.7.Final
2022-11-17 11:45:20.059 [main] INFO  org.xnio.nio - [TID:N/A] - XNIO NIO Implementation Version 3.8.7.Final
2022-11-17 11:45:20.410 [main] INFO  org.jboss.threads - [TID:N/A] - JBoss Threads version 3.1.0.Final
2022-11-17 11:45:20.535 [main] INFO  o.s.b.w.e.undertow.UndertowWebServer - [TID:N/A] - Undertow started on port(s) 8081 (http)
2022-11-17 11:45:20.556 [main] INFO  c.m.b.e.c.l.MinaExampleCommonLogApplication - [TID:N/A] - Started MinaExampleCommonLogApplication in 7.86 seconds (JVM running for 13.392)
2022-11-17 11:45:20.561 [main] INFO  c.m.boot.context.MinaBootApplication - [TID:N/A] - Mina project start succeeded !!!
2022-11-17 11:45:20.561 [main] INFO  c.m.b.e.c.l.MinaExampleCommonLogApplication - [TID:N/A] - This is a info message2.
2022-11-17 11:45:20.562 [main] ERROR c.m.b.e.c.l.MinaExampleCommonLogApplication - [TID:N/A] - This is a info message3.
2022-11-17 11:46:21.283 [SpringApplicationShutdownHook] INFO  io.undertow - [TID:N/A] - stopping server: Undertow - 2.2.18.Final
2022-11-17 11:46:33.474 [main] INFO  c.m.b.e.c.l.MinaExampleCommonLogApplication - [TID:N/A] - Starting MinaExampleCommonLogApplication using Java 11.0.17 on haotengdeMacBook-Pro.local with PID 93848 (/Users/haoteng/work/code/mina-boot/mina-boot-example/mina-boot-example-common-log/target/classes started by haoteng in /Users/haoteng/work/code/mina-boot)
2022-11-17 11:46:33.477 [main] INFO  c.m.b.e.c.l.MinaExampleCommonLogApplication - [TID:N/A] - No active profile set, falling back to 1 default profile: "default"
2022-11-17 11:46:36.269 [main] INFO  io.undertow.servlet - [TID:N/A] - Initializing Spring embedded WebApplicationContext
2022-11-17 11:46:36.269 [main] INFO  o.s.b.w.s.c.ServletWebServerApplicationContext - [TID:N/A] - Root WebApplicationContext: initialization completed in 2604 ms
2022-11-17 11:46:37.300 [main] INFO  io.undertow - [TID:N/A] - starting server: Undertow - 2.2.18.Final
2022-11-17 11:46:37.314 [main] INFO  org.xnio - [TID:N/A] - XNIO version 3.8.7.Final
2022-11-17 11:46:37.333 [main] INFO  org.xnio.nio - [TID:N/A] - XNIO NIO Implementation Version 3.8.7.Final
2022-11-17 11:46:37.488 [main] INFO  org.jboss.threads - [TID:N/A] - JBoss Threads version 3.1.0.Final
2022-11-17 11:46:37.694 [main] INFO  o.s.b.w.e.undertow.UndertowWebServer - [TID:N/A] - Undertow started on port(s) 8081 (http)
2022-11-17 11:46:37.725 [main] INFO  c.m.b.e.c.l.MinaExampleCommonLogApplication - [TID:N/A] - Started MinaExampleCommonLogApplication in 5.896 seconds (JVM running for 10.598)
2022-11-17 11:46:37.730 [main] INFO  c.m.boot.context.MinaBootApplication - [TID:N/A] - Mina project start succeeded !!!
2022-11-17 11:46:37.836 [main] INFO  c.m.b.e.c.l.MinaExampleCommonLogApplication - [TID:N/A] - This is a info message2.
2022-11-17 11:46:37.837 [main] ERROR c.m.b.e.c.l.MinaExampleCommonLogApplication - [TID:N/A] - This is a info message3.
2022-11-17 11:46:37.940 [main] INFO  c.m.b.e.c.l.MinaExampleCommonLogApplication - [TID:N/A] - This is a info message2.
2022-11-17 11:46:37.941 [main] ERROR c.m.b.e.c.l.MinaExampleCommonLogApplication - [TID:N/A] - This is a info message3.
2022-11-17 11:46:38.045 [main] INFO  c.m.b.e.c.l.MinaExampleCommonLogApplication - [TID:N/A] - This is a info message2.
2022-11-17 11:46:38.045 [main] ERROR c.m.b.e.c.l.MinaExampleCommonLogApplication - [TID:N/A] - This is a info message3.
2022-11-17 11:46:38.149 [main] INFO  c.m.b.e.c.l.MinaExampleCommonLogApplication - [TID:N/A] - This is a info message2.
2022-11-17 11:46:38.149 [main] ERROR c.m.b.e.c.l.MinaExampleCommonLogApplication - [TID:N/A] - This is a info message3.
2022-11-17 11:46:38.250 [main] INFO  c.m.b.e.c.l.MinaExampleCommonLogApplication - [TID:N/A] - This is a info message2.
2022-11-17 11:46:38.251 [main] ERROR c.m.b.e.c.l.MinaExampleCommonLogApplication - [TID:N/A] - This is a info message3.
2022-11-17 11:46:38.352 [main] INFO  c.m.b.e.c.l.MinaExampleCommonLogApplication - [TID:N/A] - This is a info message2.
2022-11-17 11:46:38.353 [main] ERROR c.m.b.e.c.l.MinaExampleCommonLogApplication - [TID:N/A] - This is a info message3.
2022-11-17 11:46:38.459 [main] INFO  c.m.b.e.c.l.MinaExampleCommonLogApplication - [TID:N/A] - This is a info message2.
2022-11-17 11:46:38.459 [main] ERROR c.m.b.e.c.l.MinaExampleCommonLogApplication - [TID:N/A] - This is a info message3.
2022-11-17 11:46:38.559 [main] INFO  c.m.b.e.c.l.MinaExampleCommonLogApplication - [TID:N/A] - This is a info message2.
2022-11-17 11:46:38.559 [main] ERROR c.m.b.e.c.l.MinaExampleCommonLogApplication - [TID:N/A] - This is a info message3.
2022-11-17 11:46:38.661 [main] INFO  c.m.b.e.c.l.MinaExampleCommonLogApplication - [TID:N/A] - This is a info message2.
2022-11-17 11:46:38.662 [main] ERROR c.m.b.e.c.l.MinaExampleCommonLogApplication - [TID:N/A] - This is a info message3.
2022-11-17 11:46:38.765 [main] INFO  c.m.b.e.c.l.MinaExampleCommonLogApplication - [TID:N/A] - This is a info message2.
2022-11-17 11:46:38.765 [main] ERROR c.m.b.e.c.l.MinaExampleCommonLogApplication - [TID:N/A] - This is a info message3.
2022-11-17 11:46:38.869 [main] INFO  c.m.b.e.c.l.MinaExampleCommonLogApplication - [TID:N/A] - This is a info message2.
2022-11-17 11:46:38.869 [main] ERROR c.m.b.e.c.l.MinaExampleCommonLogApplication - [TID:N/A] - This is a info message3.
2022-11-17 11:46:38.973 [main] INFO  c.m.b.e.c.l.MinaExampleCommonLogApplication - [TID:N/A] - This is a info message2.
2022-11-17 11:46:38.974 [main] ERROR c.m.b.e.c.l.MinaExampleCommonLogApplication - [TID:N/A] - This is a info message3.
2022-11-17 11:46:39.077 [main] INFO  c.m.b.e.c.l.MinaExampleCommonLogApplication - [TID:N/A] - This is a info message2.
2022-11-17 11:46:39.077 [main] ERROR c.m.b.e.c.l.MinaExampleCommonLogApplication - [TID:N/A] - This is a info message3.
2022-11-17 11:46:39.179 [main] INFO  c.m.b.e.c.l.MinaExampleCommonLogApplication - [TID:N/A] - This is a info message2.
2022-11-17 11:46:39.179 [main] ERROR c.m.b.e.c.l.MinaExampleCommonLogApplication - [TID:N/A] - This is a info message3.
2022-11-17 11:46:39.280 [main] INFO  c.m.b.e.c.l.MinaExampleCommonLogApplication - [TID:N/A] - This is a info message2.
2022-11-17 11:46:39.280 [main] ERROR c.m.b.e.c.l.MinaExampleCommonLogApplication - [TID:N/A] - This is a info message3.
2022-11-17 11:46:39.381 [main] INFO  c.m.b.e.c.l.MinaExampleCommonLogApplication - [TID:N/A] - This is a info message2.
2022-11-17 11:46:39.381 [main] ERROR c.m.b.e.c.l.MinaExampleCommonLogApplication - [TID:N/A] - This is a info message3.
2022-11-17 11:46:39.485 [main] INFO  c.m.b.e.c.l.MinaExampleCommonLogApplication - [TID:N/A] - This is a info message2.
2022-11-17 11:46:39.486 [main] ERROR c.m.b.e.c.l.MinaExampleCommonLogApplication - [TID:N/A] - This is a info message3.
2022-11-17 11:46:39.591 [main] INFO  c.m.b.e.c.l.MinaExampleCommonLogApplication - [TID:N/A] - This is a info message2.
2022-11-17 11:46:39.591 [main] ERROR c.m.b.e.c.l.MinaExampleCommonLogApplication - [TID:N/A] - This is a info message3.
2022-11-17 11:46:39.693 [main] INFO  c.m.b.e.c.l.MinaExampleCommonLogApplication - [TID:N/A] - This is a info message2.
2022-11-17 11:46:39.694 [main] ERROR c.m.b.e.c.l.MinaExampleCommonLogApplication - [TID:N/A] - This is a info message3.
2022-11-17 11:46:39.796 [main] INFO  c.m.b.e.c.l.MinaExampleCommonLogApplication - [TID:N/A] - This is a info message2.
2022-11-17 11:46:39.796 [main] ERROR c.m.b.e.c.l.MinaExampleCommonLogApplication - [TID:N/A] - This is a info message3.
2022-11-17 11:46:39.896 [main] INFO  c.m.b.e.c.l.MinaExampleCommonLogApplication - [TID:N/A] - This is a info message2.
2022-11-17 11:46:39.897 [main] ERROR c.m.b.e.c.l.MinaExampleCommonLogApplication - [TID:N/A] - This is a info message3.
2022-11-17 11:46:40.001 [main] INFO  c.m.b.e.c.l.MinaExampleCommonLogApplication - [TID:N/A] - This is a info message2.
2022-11-17 11:46:40.001 [main] ERROR c.m.b.e.c.l.MinaExampleCommonLogApplication - [TID:N/A] - This is a info message3.
2022-11-17 11:46:40.101 [main] INFO  c.m.b.e.c.l.MinaExampleCommonLogApplication - [TID:N/A] - This is a info message2.
2022-11-17 11:46:40.102 [main] ERROR c.m.b.e.c.l.MinaExampleCommonLogApplication - [TID:N/A] - This is a info message3.
2022-11-17 11:46:40.204 [main] INFO  c.m.b.e.c.l.MinaExampleCommonLogApplication - [TID:N/A] - This is a info message2.
2022-11-17 11:46:40.204 [main] ERROR c.m.b.e.c.l.MinaExampleCommonLogApplication - [TID:N/A] - This is a info message3.
2022-11-17 11:46:40.309 [main] INFO  c.m.b.e.c.l.MinaExampleCommonLogApplication - [TID:N/A] - This is a info message2.
2022-11-17 11:46:40.309 [main] ERROR c.m.b.e.c.l.MinaExampleCommonLogApplication - [TID:N/A] - This is a info message3.
2022-11-17 11:46:40.409 [main] INFO  c.m.b.e.c.l.MinaExampleCommonLogApplication - [TID:N/A] - This is a info message2.
2022-11-17 11:46:40.410 [main] ERROR c.m.b.e.c.l.MinaExampleCommonLogApplication - [TID:N/A] - This is a info message3.
2022-11-17 11:46:40.510 [main] INFO  c.m.b.e.c.l.MinaExampleCommonLogApplication - [TID:N/A] - This is a info message2.
2022-11-17 11:46:40.511 [main] ERROR c.m.b.e.c.l.MinaExampleCommonLogApplication - [TID:N/A] - This is a info message3.
2022-11-17 11:46:40.616 [main] INFO  c.m.b.e.c.l.MinaExampleCommonLogApplication - [TID:N/A] - This is a info message2.
2022-11-17 11:46:40.617 [main] ERROR c.m.b.e.c.l.MinaExampleCommonLogApplication - [TID:N/A] - This is a info message3.
2022-11-17 11:46:40.718 [main] INFO  c.m.b.e.c.l.MinaExampleCommonLogApplication - [TID:N/A] - This is a info message2.
2022-11-17 11:46:40.719 [main] ERROR c.m.b.e.c.l.MinaExampleCommonLogApplication - [TID:N/A] - This is a info message3.
2022-11-17 11:46:40.820 [main] INFO  c.m.b.e.c.l.MinaExampleCommonLogApplication - [TID:N/A] - This is a info message2.
2022-11-17 11:46:40.820 [main] ERROR c.m.b.e.c.l.MinaExampleCommonLogApplication - [TID:N/A] - This is a info message3.
2022-11-17 11:46:40.922 [main] INFO  c.m.b.e.c.l.MinaExampleCommonLogApplication - [TID:N/A] - This is a info message2.
2022-11-17 11:46:40.922 [main] ERROR c.m.b.e.c.l.MinaExampleCommonLogApplication - [TID:N/A] - This is a info message3.
2022-11-17 11:46:41.025 [main] INFO  c.m.b.e.c.l.MinaExampleCommonLogApplication - [TID:N/A] - This is a info message2.
2022-11-17 11:46:41.025 [main] ERROR c.m.b.e.c.l.MinaExampleCommonLogApplication - [TID:N/A] - This is a info message3.
2022-11-17 11:46:41.127 [main] INFO  c.m.b.e.c.l.MinaExampleCommonLogApplication - [TID:N/A] - This is a info message2.
2022-11-17 11:46:41.127 [main] ERROR c.m.b.e.c.l.MinaExampleCommonLogApplication - [TID:N/A] - This is a info message3.
2022-11-17 11:46:41.231 [main] INFO  c.m.b.e.c.l.MinaExampleCommonLogApplication - [TID:N/A] - This is a info message2.
2022-11-17 11:46:41.231 [main] ERROR c.m.b.e.c.l.MinaExampleCommonLogApplication - [TID:N/A] - This is a info message3.
2022-11-17 11:46:41.331 [main] INFO  c.m.b.e.c.l.MinaExampleCommonLogApplication - [TID:N/A] - This is a info message2.
2022-11-17 11:46:41.332 [main] ERROR c.m.b.e.c.l.MinaExampleCommonLogApplication - [TID:N/A] - This is a info message3.
2022-11-17 11:46:41.435 [main] INFO  c.m.b.e.c.l.MinaExampleCommonLogApplication - [TID:N/A] - This is a info message2.
2022-11-17 11:46:41.435 [main] ERROR c.m.b.e.c.l.MinaExampleCommonLogApplication - [TID:N/A] - This is a info message3.
2022-11-17 11:46:41.536 [main] INFO  c.m.b.e.c.l.MinaExampleCommonLogApplication - [TID:N/A] - This is a info message2.
2022-11-17 11:46:41.537 [main] ERROR c.m.b.e.c.l.MinaExampleCommonLogApplication - [TID:N/A] - This is a info message3.
2022-11-17 11:46:41.639 [main] INFO  c.m.b.e.c.l.MinaExampleCommonLogApplication - [TID:N/A] - This is a info message2.
2022-11-17 11:46:41.640 [main] ERROR c.m.b.e.c.l.MinaExampleCommonLogApplication - [TID:N/A] - This is a info message3.
2022-11-17 11:46:41.742 [main] INFO  c.m.b.e.c.l.MinaExampleCommonLogApplication - [TID:N/A] - This is a info message2.
2022-11-17 11:46:41.743 [main] ERROR c.m.b.e.c.l.MinaExampleCommonLogApplication - [TID:N/A] - This is a info message3.
2022-11-17 11:46:41.844 [main] INFO  c.m.b.e.c.l.MinaExampleCommonLogApplication - [TID:N/A] - This is a info message2.
2022-11-17 11:46:41.845 [main] ERROR c.m.b.e.c.l.MinaExampleCommonLogApplication - [TID:N/A] - This is a info message3.
2022-11-17 11:46:41.948 [main] INFO  c.m.b.e.c.l.MinaExampleCommonLogApplication - [TID:N/A] - This is a info message2.
2022-11-17 11:46:41.948 [main] ERROR c.m.b.e.c.l.MinaExampleCommonLogApplication - [TID:N/A] - This is a info message3.
2022-11-17 11:46:42.051 [main] INFO  c.m.b.e.c.l.MinaExampleCommonLogApplication - [TID:N/A] - This is a info message2.
2022-11-17 11:46:42.051 [main] ERROR c.m.b.e.c.l.MinaExampleCommonLogApplication - [TID:N/A] - This is a info message3.
2022-11-17 11:46:42.152 [main] INFO  c.m.b.e.c.l.MinaExampleCommonLogApplication - [TID:N/A] - This is a info message2.
2022-11-17 11:46:42.152 [main] ERROR c.m.b.e.c.l.MinaExampleCommonLogApplication - [TID:N/A] - This is a info message3.
2022-11-17 11:46:42.253 [main] INFO  c.m.b.e.c.l.MinaExampleCommonLogApplication - [TID:N/A] - This is a info message2.
2022-11-17 11:46:42.253 [main] ERROR c.m.b.e.c.l.MinaExampleCommonLogApplication - [TID:N/A] - This is a info message3.
2022-11-17 11:46:42.356 [main] INFO  c.m.b.e.c.l.MinaExampleCommonLogApplication - [TID:N/A] - This is a info message2.
2022-11-17 11:46:42.356 [main] ERROR c.m.b.e.c.l.MinaExampleCommonLogApplication - [TID:N/A] - This is a info message3.
2022-11-17 11:46:42.461 [main] INFO  c.m.b.e.c.l.MinaExampleCommonLogApplication - [TID:N/A] - This is a info message2.
2022-11-17 11:46:42.461 [main] ERROR c.m.b.e.c.l.MinaExampleCommonLogApplication - [TID:N/A] - This is a info message3.
2022-11-17 11:46:42.565 [main] INFO  c.m.b.e.c.l.MinaExampleCommonLogApplication - [TID:N/A] - This is a info message2.
2022-11-17 11:46:42.565 [main] ERROR c.m.b.e.c.l.MinaExampleCommonLogApplication - [TID:N/A] - This is a info message3.
2022-11-17 11:46:42.667 [main] INFO  c.m.b.e.c.l.MinaExampleCommonLogApplication - [TID:N/A] - This is a info message2.
2022-11-17 11:46:42.668 [main] ERROR c.m.b.e.c.l.MinaExampleCommonLogApplication - [TID:N/A] - This is a info message3.
2022-11-17 11:46:42.773 [main] INFO  c.m.b.e.c.l.MinaExampleCommonLogApplication - [TID:N/A] - This is a info message2.
2022-11-17 11:46:42.773 [main] ERROR c.m.b.e.c.l.MinaExampleCommonLogApplication - [TID:N/A] - This is a info message3.
2022-11-17 11:46:42.874 [main] INFO  c.m.b.e.c.l.MinaExampleCommonLogApplication - [TID:N/A] - This is a info message2.
2022-11-17 11:46:42.874 [main] ERROR c.m.b.e.c.l.MinaExampleCommonLogApplication - [TID:N/A] - This is a info message3.
2022-11-17 11:46:42.975 [main] INFO  c.m.b.e.c.l.MinaExampleCommonLogApplication - [TID:N/A] - This is a info message2.
2022-11-17 11:46:42.976 [main] ERROR c.m.b.e.c.l.MinaExampleCommonLogApplication - [TID:N/A] - This is a info message3.
2022-11-17 11:46:43.077 [main] INFO  c.m.b.e.c.l.MinaExampleCommonLogApplication - [TID:N/A] - This is a info message2.
2022-11-17 11:46:43.078 [main] ERROR c.m.b.e.c.l.MinaExampleCommonLogApplication - [TID:N/A] - This is a info message3.
2022-11-17 11:46:43.182 [main] INFO  c.m.b.e.c.l.MinaExampleCommonLogApplication - [TID:N/A] - This is a info message2.
2022-11-17 11:46:43.182 [main] ERROR c.m.b.e.c.l.MinaExampleCommonLogApplication - [TID:N/A] - This is a info message3.
2022-11-17 11:46:43.285 [main] INFO  c.m.b.e.c.l.MinaExampleCommonLogApplication - [TID:N/A] - This is a info message2.
2022-11-17 11:46:43.287 [main] ERROR c.m.b.e.c.l.MinaExampleCommonLogApplication - [TID:N/A] - This is a info message3.
2022-11-17 11:46:43.392 [main] INFO  c.m.b.e.c.l.MinaExampleCommonLogApplication - [TID:N/A] - This is a info message2.
2022-11-17 11:46:43.392 [main] ERROR c.m.b.e.c.l.MinaExampleCommonLogApplication - [TID:N/A] - This is a info message3.
2022-11-17 11:46:43.493 [main] INFO  c.m.b.e.c.l.MinaExampleCommonLogApplication - [TID:N/A] - This is a info message2.
2022-11-17 11:46:43.493 [main] ERROR c.m.b.e.c.l.MinaExampleCommonLogApplication - [TID:N/A] - This is a info message3.
2022-11-17 11:46:43.596 [main] INFO  c.m.b.e.c.l.MinaExampleCommonLogApplication - [TID:N/A] - This is a info message2.
2022-11-17 11:46:43.596 [main] ERROR c.m.b.e.c.l.MinaExampleCommonLogApplication - [TID:N/A] - This is a info message3.
2022-11-17 11:46:43.696 [main] INFO  c.m.b.e.c.l.MinaExampleCommonLogApplication - [TID:N/A] - This is a info message2.
2022-11-17 11:46:43.696 [main] ERROR c.m.b.e.c.l.MinaExampleCommonLogApplication - [TID:N/A] - This is a info message3.
2022-11-17 11:46:43.797 [main] INFO  c.m.b.e.c.l.MinaExampleCommonLogApplication - [TID:N/A] - This is a info message2.
2022-11-17 11:46:43.797 [main] ERROR c.m.b.e.c.l.MinaExampleCommonLogApplication - [TID:N/A] - This is a info message3.
2022-11-17 11:46:43.901 [main] INFO  c.m.b.e.c.l.MinaExampleCommonLogApplication - [TID:N/A] - This is a info message2.
2022-11-17 11:46:43.902 [main] ERROR c.m.b.e.c.l.MinaExampleCommonLogApplication - [TID:N/A] - This is a info message3.
2022-11-17 11:46:44.004 [main] INFO  c.m.b.e.c.l.MinaExampleCommonLogApplication - [TID:N/A] - This is a info message2.
2022-11-17 11:46:44.005 [main] ERROR c.m.b.e.c.l.MinaExampleCommonLogApplication - [TID:N/A] - This is a info message3.
2022-11-17 11:46:44.109 [main] INFO  c.m.b.e.c.l.MinaExampleCommonLogApplication - [TID:N/A] - This is a info message2.
2022-11-17 11:46:44.109 [main] ERROR c.m.b.e.c.l.MinaExampleCommonLogApplication - [TID:N/A] - This is a info message3.
2022-11-17 11:46:44.209 [main] INFO  c.m.b.e.c.l.MinaExampleCommonLogApplication - [TID:N/A] - This is a info message2.
2022-11-17 11:46:44.210 [main] ERROR c.m.b.e.c.l.MinaExampleCommonLogApplication - [TID:N/A] - This is a info message3.
2022-11-17 11:46:44.315 [main] INFO  c.m.b.e.c.l.MinaExampleCommonLogApplication - [TID:N/A] - This is a info message2.
2022-11-17 11:46:44.315 [main] ERROR c.m.b.e.c.l.MinaExampleCommonLogApplication - [TID:N/A] - This is a info message3.
2022-11-17 11:46:44.418 [main] INFO  c.m.b.e.c.l.MinaExampleCommonLogApplication - [TID:N/A] - This is a info message2.
2022-11-17 11:46:44.418 [main] ERROR c.m.b.e.c.l.MinaExampleCommonLogApplication - [TID:N/A] - This is a info message3.
2022-11-17 11:46:44.519 [main] INFO  c.m.b.e.c.l.MinaExampleCommonLogApplication - [TID:N/A] - This is a info message2.
2022-11-17 11:46:44.519 [main] ERROR c.m.b.e.c.l.MinaExampleCommonLogApplication - [TID:N/A] - This is a info message3.
2022-11-17 11:46:44.624 [main] INFO  c.m.b.e.c.l.MinaExampleCommonLogApplication - [TID:N/A] - This is a info message2.
2022-11-17 11:46:44.625 [main] ERROR c.m.b.e.c.l.MinaExampleCommonLogApplication - [TID:N/A] - This is a info message3.
2022-11-17 11:46:44.726 [main] INFO  c.m.b.e.c.l.MinaExampleCommonLogApplication - [TID:N/A] - This is a info message2.
2022-11-17 11:46:44.726 [main] ERROR c.m.b.e.c.l.MinaExampleCommonLogApplication - [TID:N/A] - This is a info message3.
2022-11-17 11:46:44.828 [main] INFO  c.m.b.e.c.l.MinaExampleCommonLogApplication - [TID:N/A] - This is a info message2.
2022-11-17 11:46:44.828 [main] ERROR c.m.b.e.c.l.MinaExampleCommonLogApplication - [TID:N/A] - This is a info message3.
2022-11-17 11:46:44.935 [main] INFO  c.m.b.e.c.l.MinaExampleCommonLogApplication - [TID:N/A] - This is a info message2.
2022-11-17 11:46:44.937 [main] ERROR c.m.b.e.c.l.MinaExampleCommonLogApplication - [TID:N/A] - This is a info message3.
2022-11-17 11:46:45.037 [main] INFO  c.m.b.e.c.l.MinaExampleCommonLogApplication - [TID:N/A] - This is a info message2.
2022-11-17 11:46:45.038 [main] ERROR c.m.b.e.c.l.MinaExampleCommonLogApplication - [TID:N/A] - This is a info message3.
2022-11-17 11:46:45.037 [SpringApplicationShutdownHook] INFO  io.undertow - [TID:N/A] - stopping server: Undertow - 2.2.18.Final
